{"/home/runner/work/Wheelchair-Bot/Wheelchair-Bot/controller.js": {"path":"/home/runner/work/Wheelchair-Bot/Wheelchair-Bot/controller.js","statementMap":{"0":{"start":{"line":8,"column":8},"end":{"line":8,"column":36}},"1":{"start":{"line":9,"column":8},"end":{"line":9,"column":31}},"2":{"start":{"line":10,"column":8},"end":{"line":10,"column":36}},"3":{"start":{"line":13,"column":8},"end":{"line":13,"column":64}},"4":{"start":{"line":14,"column":8},"end":{"line":14,"column":70}},"5":{"start":{"line":15,"column":8},"end":{"line":15,"column":67}},"6":{"start":{"line":16,"column":8},"end":{"line":16,"column":74}},"7":{"start":{"line":17,"column":8},"end":{"line":17,"column":64}},"8":{"start":{"line":18,"column":8},"end":{"line":18,"column":66}},"9":{"start":{"line":19,"column":8},"end":{"line":19,"column":64}},"10":{"start":{"line":22,"column":8},"end":{"line":28,"column":10}},"11":{"start":{"line":30,"column":8},"end":{"line":30,"column":40}},"12":{"start":{"line":31,"column":8},"end":{"line":31,"column":36}},"13":{"start":{"line":39,"column":8},"end":{"line":39,"column":78}},"14":{"start":{"line":39,"column":56},"end":{"line":39,"column":76}},"15":{"start":{"line":40,"column":8},"end":{"line":40,"column":84}},"16":{"start":{"line":40,"column":59},"end":{"line":40,"column":82}},"17":{"start":{"line":43,"column":8},"end":{"line":46,"column":11}},"18":{"start":{"line":44,"column":12},"end":{"line":44,"column":57}},"19":{"start":{"line":45,"column":12},"end":{"line":45,"column":66}},"20":{"start":{"line":49,"column":8},"end":{"line":63,"column":11}},"21":{"start":{"line":50,"column":12},"end":{"line":50,"column":91}},"22":{"start":{"line":50,"column":55},"end":{"line":50,"column":89}},"23":{"start":{"line":51,"column":12},"end":{"line":51,"column":91}},"24":{"start":{"line":51,"column":53},"end":{"line":51,"column":89}},"25":{"start":{"line":52,"column":12},"end":{"line":52,"column":94}},"26":{"start":{"line":52,"column":56},"end":{"line":52,"column":92}},"27":{"start":{"line":55,"column":12},"end":{"line":58,"column":15}},"28":{"start":{"line":56,"column":16},"end":{"line":56,"column":35}},"29":{"start":{"line":57,"column":16},"end":{"line":57,"column":51}},"30":{"start":{"line":59,"column":12},"end":{"line":62,"column":15}},"31":{"start":{"line":60,"column":16},"end":{"line":60,"column":35}},"32":{"start":{"line":61,"column":16},"end":{"line":61,"column":53}},"33":{"start":{"line":66,"column":8},"end":{"line":66,"column":75}},"34":{"start":{"line":66,"column":52},"end":{"line":66,"column":73}},"35":{"start":{"line":67,"column":8},"end":{"line":67,"column":71}},"36":{"start":{"line":67,"column":50},"end":{"line":67,"column":69}},"37":{"start":{"line":70,"column":8},"end":{"line":74,"column":11}},"38":{"start":{"line":71,"column":12},"end":{"line":73,"column":13}},"39":{"start":{"line":72,"column":16},"end":{"line":72,"column":37}},"40":{"start":{"line":81,"column":8},"end":{"line":83,"column":10}},"41":{"start":{"line":82,"column":12},"end":{"line":82,"column":47}},"42":{"start":{"line":85,"column":8},"end":{"line":87,"column":10}},"43":{"start":{"line":86,"column":12},"end":{"line":86,"column":59}},"44":{"start":{"line":94,"column":26},"end":{"line":94,"column":58}},"45":{"start":{"line":96,"column":8},"end":{"line":99,"column":9}},"46":{"start":{"line":97,"column":12},"end":{"line":97,"column":47}},"47":{"start":{"line":98,"column":12},"end":{"line":98,"column":19}},"48":{"start":{"line":101,"column":8},"end":{"line":101,"column":40}},"49":{"start":{"line":102,"column":8},"end":{"line":102,"column":44}},"50":{"start":{"line":104,"column":8},"end":{"line":112,"column":9}},"51":{"start":{"line":105,"column":12},"end":{"line":105,"column":49}},"52":{"start":{"line":106,"column":12},"end":{"line":106,"column":48}},"53":{"start":{"line":108,"column":12},"end":{"line":108,"column":55}},"54":{"start":{"line":109,"column":12},"end":{"line":109,"column":57}},"55":{"start":{"line":110,"column":12},"end":{"line":110,"column":45}},"56":{"start":{"line":111,"column":12},"end":{"line":111,"column":49}},"57":{"start":{"line":119,"column":8},"end":{"line":119,"column":33}},"58":{"start":{"line":120,"column":8},"end":{"line":120,"column":41}},"59":{"start":{"line":121,"column":8},"end":{"line":121,"column":43}},"60":{"start":{"line":122,"column":8},"end":{"line":122,"column":45}},"61":{"start":{"line":129,"column":8},"end":{"line":132,"column":9}},"62":{"start":{"line":130,"column":12},"end":{"line":130,"column":45}},"63":{"start":{"line":131,"column":12},"end":{"line":131,"column":19}},"64":{"start":{"line":134,"column":8},"end":{"line":134,"column":41}},"65":{"start":{"line":135,"column":8},"end":{"line":135,"column":63}},"66":{"start":{"line":136,"column":8},"end":{"line":136,"column":44}},"67":{"start":{"line":143,"column":8},"end":{"line":147,"column":9}},"68":{"start":{"line":144,"column":12},"end":{"line":144,"column":40}},"69":{"start":{"line":145,"column":12},"end":{"line":145,"column":70}},"70":{"start":{"line":146,"column":12},"end":{"line":146,"column":45}},"71":{"start":{"line":155,"column":8},"end":{"line":157,"column":9}},"72":{"start":{"line":156,"column":12},"end":{"line":156,"column":19}},"73":{"start":{"line":159,"column":23},"end":{"line":174,"column":9}},"74":{"start":{"line":176,"column":26},"end":{"line":176,"column":39}},"75":{"start":{"line":178,"column":8},"end":{"line":181,"column":9}},"76":{"start":{"line":179,"column":12},"end":{"line":179,"column":31}},"77":{"start":{"line":180,"column":12},"end":{"line":180,"column":47}},"78":{"start":{"line":189,"column":8},"end":{"line":191,"column":9}},"79":{"start":{"line":190,"column":12},"end":{"line":190,"column":19}},"80":{"start":{"line":193,"column":23},"end":{"line":208,"column":9}},"81":{"start":{"line":210,"column":26},"end":{"line":210,"column":39}},"82":{"start":{"line":212,"column":8},"end":{"line":215,"column":9}},"83":{"start":{"line":213,"column":12},"end":{"line":213,"column":31}},"84":{"start":{"line":214,"column":12},"end":{"line":214,"column":49}},"85":{"start":{"line":222,"column":24},"end":{"line":227,"column":9}},"86":{"start":{"line":229,"column":24},"end":{"line":229,"column":56}},"87":{"start":{"line":231,"column":8},"end":{"line":235,"column":9}},"88":{"start":{"line":232,"column":12},"end":{"line":232,"column":50}},"89":{"start":{"line":234,"column":12},"end":{"line":234,"column":51}},"90":{"start":{"line":242,"column":26},"end":{"line":263,"column":9}},"91":{"start":{"line":265,"column":23},"end":{"line":265,"column":65}},"92":{"start":{"line":267,"column":8},"end":{"line":267,"column":50}},"93":{"start":{"line":268,"column":8},"end":{"line":268,"column":76}},"94":{"start":{"line":273,"column":0},"end":{"line":279,"column":3}},"95":{"start":{"line":274,"column":26},"end":{"line":274,"column":45}},"96":{"start":{"line":275,"column":25},"end":{"line":275,"column":56}},"97":{"start":{"line":277,"column":4},"end":{"line":277,"column":57}},"98":{"start":{"line":278,"column":4},"end":{"line":278,"column":111}}},"fnMap":{"0":{"name":"(anonymous_0)","decl":{"start":{"line":7,"column":4},"end":{"line":7,"column":5}},"loc":{"start":{"line":7,"column":31},"end":{"line":32,"column":5}},"line":7},"1":{"name":"(anonymous_1)","decl":{"start":{"line":37,"column":4},"end":{"line":37,"column":5}},"loc":{"start":{"line":37,"column":31},"end":{"line":75,"column":5}},"line":37},"2":{"name":"(anonymous_2)","decl":{"start":{"line":39,"column":50},"end":{"line":39,"column":51}},"loc":{"start":{"line":39,"column":56},"end":{"line":39,"column":76}},"line":39},"3":{"name":"(anonymous_3)","decl":{"start":{"line":40,"column":53},"end":{"line":40,"column":54}},"loc":{"start":{"line":40,"column":59},"end":{"line":40,"column":82}},"line":40},"4":{"name":"(anonymous_4)","decl":{"start":{"line":43,"column":51},"end":{"line":43,"column":52}},"loc":{"start":{"line":43,"column":58},"end":{"line":46,"column":9}},"line":43},"5":{"name":"(anonymous_5)","decl":{"start":{"line":49,"column":52},"end":{"line":49,"column":53}},"loc":{"start":{"line":49,"column":77},"end":{"line":63,"column":9}},"line":49},"6":{"name":"(anonymous_6)","decl":{"start":{"line":50,"column":49},"end":{"line":50,"column":50}},"loc":{"start":{"line":50,"column":55},"end":{"line":50,"column":89}},"line":50},"7":{"name":"(anonymous_7)","decl":{"start":{"line":51,"column":47},"end":{"line":51,"column":48}},"loc":{"start":{"line":51,"column":53},"end":{"line":51,"column":89}},"line":51},"8":{"name":"(anonymous_8)","decl":{"start":{"line":52,"column":50},"end":{"line":52,"column":51}},"loc":{"start":{"line":52,"column":56},"end":{"line":52,"column":92}},"line":52},"9":{"name":"(anonymous_9)","decl":{"start":{"line":55,"column":50},"end":{"line":55,"column":51}},"loc":{"start":{"line":55,"column":57},"end":{"line":58,"column":13}},"line":55},"10":{"name":"(anonymous_10)","decl":{"start":{"line":59,"column":48},"end":{"line":59,"column":49}},"loc":{"start":{"line":59,"column":55},"end":{"line":62,"column":13}},"line":59},"11":{"name":"(anonymous_11)","decl":{"start":{"line":66,"column":45},"end":{"line":66,"column":46}},"loc":{"start":{"line":66,"column":52},"end":{"line":66,"column":73}},"line":66},"12":{"name":"(anonymous_12)","decl":{"start":{"line":67,"column":43},"end":{"line":67,"column":44}},"loc":{"start":{"line":67,"column":50},"end":{"line":67,"column":69}},"line":67},"13":{"name":"(anonymous_13)","decl":{"start":{"line":70,"column":57},"end":{"line":70,"column":58}},"loc":{"start":{"line":70,"column":64},"end":{"line":74,"column":9}},"line":70},"14":{"name":"(anonymous_14)","decl":{"start":{"line":80,"column":4},"end":{"line":80,"column":5}},"loc":{"start":{"line":80,"column":27},"end":{"line":88,"column":5}},"line":80},"15":{"name":"(anonymous_15)","decl":{"start":{"line":81,"column":46},"end":{"line":81,"column":47}},"loc":{"start":{"line":81,"column":57},"end":{"line":83,"column":9}},"line":81},"16":{"name":"(anonymous_16)","decl":{"start":{"line":85,"column":41},"end":{"line":85,"column":42}},"loc":{"start":{"line":85,"column":47},"end":{"line":87,"column":9}},"line":85},"17":{"name":"(anonymous_17)","decl":{"start":{"line":93,"column":4},"end":{"line":93,"column":5}},"loc":{"start":{"line":93,"column":26},"end":{"line":113,"column":5}},"line":93},"18":{"name":"(anonymous_18)","decl":{"start":{"line":118,"column":4},"end":{"line":118,"column":5}},"loc":{"start":{"line":118,"column":23},"end":{"line":123,"column":5}},"line":118},"19":{"name":"(anonymous_19)","decl":{"start":{"line":128,"column":4},"end":{"line":128,"column":5}},"loc":{"start":{"line":128,"column":34},"end":{"line":137,"column":5}},"line":128},"20":{"name":"(anonymous_20)","decl":{"start":{"line":142,"column":4},"end":{"line":142,"column":5}},"loc":{"start":{"line":142,"column":36},"end":{"line":148,"column":5}},"line":142},"21":{"name":"(anonymous_21)","decl":{"start":{"line":153,"column":4},"end":{"line":153,"column":5}},"loc":{"start":{"line":153,"column":21},"end":{"line":182,"column":5}},"line":153},"22":{"name":"(anonymous_22)","decl":{"start":{"line":187,"column":4},"end":{"line":187,"column":5}},"loc":{"start":{"line":187,"column":19},"end":{"line":216,"column":5}},"line":187},"23":{"name":"(anonymous_23)","decl":{"start":{"line":221,"column":4},"end":{"line":221,"column":5}},"loc":{"start":{"line":221,"column":35},"end":{"line":236,"column":5}},"line":221},"24":{"name":"(anonymous_24)","decl":{"start":{"line":241,"column":4},"end":{"line":241,"column":5}},"loc":{"start":{"line":241,"column":34},"end":{"line":269,"column":5}},"line":241},"25":{"name":"(anonymous_25)","decl":{"start":{"line":273,"column":46},"end":{"line":273,"column":47}},"loc":{"start":{"line":273,"column":52},"end":{"line":279,"column":1}},"line":273}},"branchMap":{"0":{"loc":{"start":{"line":71,"column":12},"end":{"line":73,"column":13}},"type":"if","locations":[{"start":{"line":71,"column":12},"end":{"line":73,"column":13}},{"start":{},"end":{}}],"line":71},"1":{"loc":{"start":{"line":71,"column":16},"end":{"line":71,"column":62}},"type":"binary-expr","locations":[{"start":{"line":71,"column":16},"end":{"line":71,"column":33}},{"start":{"line":71,"column":37},"end":{"line":71,"column":62}}],"line":71},"2":{"loc":{"start":{"line":96,"column":8},"end":{"line":99,"column":9}},"type":"if","locations":[{"start":{"line":96,"column":8},"end":{"line":99,"column":9}},{"start":{},"end":{}}],"line":96},"3":{"loc":{"start":{"line":129,"column":8},"end":{"line":132,"column":9}},"type":"if","locations":[{"start":{"line":129,"column":8},"end":{"line":132,"column":9}},{"start":{},"end":{}}],"line":129},"4":{"loc":{"start":{"line":143,"column":8},"end":{"line":147,"column":9}},"type":"if","locations":[{"start":{"line":143,"column":8},"end":{"line":147,"column":9}},{"start":{},"end":{}}],"line":143},"5":{"loc":{"start":{"line":155,"column":8},"end":{"line":157,"column":9}},"type":"if","locations":[{"start":{"line":155,"column":8},"end":{"line":157,"column":9}},{"start":{},"end":{}}],"line":155},"6":{"loc":{"start":{"line":178,"column":8},"end":{"line":181,"column":9}},"type":"if","locations":[{"start":{"line":178,"column":8},"end":{"line":181,"column":9}},{"start":{},"end":{}}],"line":178},"7":{"loc":{"start":{"line":178,"column":12},"end":{"line":178,"column":59}},"type":"binary-expr","locations":[{"start":{"line":178,"column":12},"end":{"line":178,"column":21}},{"start":{"line":178,"column":25},"end":{"line":178,"column":59}}],"line":178},"8":{"loc":{"start":{"line":189,"column":8},"end":{"line":191,"column":9}},"type":"if","locations":[{"start":{"line":189,"column":8},"end":{"line":191,"column":9}},{"start":{},"end":{}}],"line":189},"9":{"loc":{"start":{"line":212,"column":8},"end":{"line":215,"column":9}},"type":"if","locations":[{"start":{"line":212,"column":8},"end":{"line":215,"column":9}},{"start":{},"end":{}}],"line":212},"10":{"loc":{"start":{"line":231,"column":8},"end":{"line":235,"column":9}},"type":"if","locations":[{"start":{"line":231,"column":8},"end":{"line":235,"column":9}},{"start":{"line":233,"column":15},"end":{"line":235,"column":9}}],"line":231},"11":{"loc":{"start":{"line":265,"column":23},"end":{"line":265,"column":65}},"type":"binary-expr","locations":[{"start":{"line":265,"column":23},"end":{"line":265,"column":39}},{"start":{"line":265,"column":43},"end":{"line":265,"column":65}}],"line":265}},"s":{"0":0,"1":0,"2":0,"3":0,"4":0,"5":0,"6":0,"7":0,"8":0,"9":0,"10":0,"11":0,"12":0,"13":0,"14":0,"15":0,"16":0,"17":0,"18":0,"19":0,"20":0,"21":0,"22":0,"23":0,"24":0,"25":0,"26":0,"27":0,"28":0,"29":0,"30":0,"31":0,"32":0,"33":0,"34":0,"35":0,"36":0,"37":0,"38":0,"39":0,"40":0,"41":0,"42":0,"43":0,"44":0,"45":0,"46":0,"47":0,"48":0,"49":0,"50":0,"51":0,"52":0,"53":0,"54":0,"55":0,"56":0,"57":0,"58":0,"59":0,"60":0,"61":0,"62":0,"63":0,"64":0,"65":0,"66":0,"67":0,"68":0,"69":0,"70":0,"71":0,"72":0,"73":0,"74":0,"75":0,"76":0,"77":0,"78":0,"79":0,"80":0,"81":0,"82":0,"83":0,"84":0,"85":0,"86":0,"87":0,"88":0,"89":0,"90":0,"91":0,"92":0,"93":0,"94":0,"95":0,"96":0,"97":0,"98":0},"f":{"0":0,"1":0,"2":0,"3":0,"4":0,"5":0,"6":0,"7":0,"8":0,"9":0,"10":0,"11":0,"12":0,"13":0,"14":0,"15":0,"16":0,"17":0,"18":0,"19":0,"20":0,"21":0,"22":0,"23":0,"24":0,"25":0},"b":{"0":[0,0],"1":[0,0],"2":[0,0],"3":[0,0],"4":[0,0],"5":[0,0],"6":[0,0],"7":[0,0],"8":[0,0],"9":[0,0],"10":[0,0],"11":[0,0]}}
,"/home/runner/work/Wheelchair-Bot/Wheelchair-Bot/webrtc.js": {"path":"/home/runner/work/Wheelchair-Bot/Wheelchair-Bot/webrtc.js","statementMap":{"0":{"start":{"line":8,"column":8},"end":{"line":8,"column":35}},"1":{"start":{"line":9,"column":8},"end":{"line":9,"column":32}},"2":{"start":{"line":10,"column":8},"end":{"line":10,"column":30}},"3":{"start":{"line":11,"column":8},"end":{"line":11,"column":66}},"4":{"start":{"line":12,"column":8},"end":{"line":12,"column":68}},"5":{"start":{"line":15,"column":8},"end":{"line":15,"column":33}},"6":{"start":{"line":16,"column":8},"end":{"line":16,"column":34}},"7":{"start":{"line":19,"column":8},"end":{"line":24,"column":10}},"8":{"start":{"line":27,"column":8},"end":{"line":27,"column":44}},"9":{"start":{"line":28,"column":8},"end":{"line":28,"column":39}},"10":{"start":{"line":29,"column":8},"end":{"line":29,"column":41}},"11":{"start":{"line":36,"column":8},"end":{"line":39,"column":9}},"12":{"start":{"line":37,"column":12},"end":{"line":37,"column":60}},"13":{"start":{"line":38,"column":12},"end":{"line":38,"column":19}},"14":{"start":{"line":41,"column":8},"end":{"line":41,"column":33}},"15":{"start":{"line":42,"column":8},"end":{"line":42,"column":49}},"16":{"start":{"line":44,"column":8},"end":{"line":72,"column":9}},"17":{"start":{"line":46,"column":12},"end":{"line":46,"column":54}},"18":{"start":{"line":48,"column":12},"end":{"line":51,"column":14}},"19":{"start":{"line":49,"column":16},"end":{"line":49,"column":51}},"20":{"start":{"line":50,"column":16},"end":{"line":50,"column":48}},"21":{"start":{"line":53,"column":12},"end":{"line":55,"column":14}},"22":{"start":{"line":54,"column":16},"end":{"line":54,"column":74}},"23":{"start":{"line":57,"column":12},"end":{"line":60,"column":14}},"24":{"start":{"line":58,"column":16},"end":{"line":58,"column":57}},"25":{"start":{"line":59,"column":16},"end":{"line":59,"column":52}},"26":{"start":{"line":62,"column":12},"end":{"line":65,"column":14}},"27":{"start":{"line":63,"column":16},"end":{"line":63,"column":48}},"28":{"start":{"line":64,"column":16},"end":{"line":64,"column":34}},"29":{"start":{"line":68,"column":12},"end":{"line":68,"column":54}},"30":{"start":{"line":69,"column":12},"end":{"line":69,"column":38}},"31":{"start":{"line":70,"column":12},"end":{"line":70,"column":48}},"32":{"start":{"line":71,"column":12},"end":{"line":71,"column":24}},"33":{"start":{"line":79,"column":8},"end":{"line":79,"column":65}},"34":{"start":{"line":82,"column":8},"end":{"line":89,"column":10}},"35":{"start":{"line":83,"column":12},"end":{"line":88,"column":13}},"36":{"start":{"line":84,"column":16},"end":{"line":87,"column":19}},"37":{"start":{"line":92,"column":8},"end":{"line":104,"column":10}},"38":{"start":{"line":93,"column":12},"end":{"line":93,"column":82}},"39":{"start":{"line":94,"column":12},"end":{"line":94,"column":76}},"40":{"start":{"line":96,"column":12},"end":{"line":103,"column":13}},"41":{"start":{"line":97,"column":16},"end":{"line":97,"column":40}},"42":{"start":{"line":98,"column":16},"end":{"line":98,"column":42}},"43":{"start":{"line":99,"column":19},"end":{"line":103,"column":13}},"44":{"start":{"line":101,"column":16},"end":{"line":101,"column":41}},"45":{"start":{"line":102,"column":16},"end":{"line":102,"column":42}},"46":{"start":{"line":107,"column":8},"end":{"line":110,"column":10}},"47":{"start":{"line":108,"column":12},"end":{"line":108,"column":89}},"48":{"start":{"line":109,"column":12},"end":{"line":109,"column":83}},"49":{"start":{"line":113,"column":8},"end":{"line":116,"column":10}},"50":{"start":{"line":114,"column":12},"end":{"line":114,"column":80}},"51":{"start":{"line":115,"column":12},"end":{"line":115,"column":85}},"52":{"start":{"line":119,"column":8},"end":{"line":129,"column":10}},"53":{"start":{"line":120,"column":12},"end":{"line":120,"column":68}},"54":{"start":{"line":121,"column":12},"end":{"line":128,"column":13}},"55":{"start":{"line":122,"column":16},"end":{"line":124,"column":17}},"56":{"start":{"line":123,"column":20},"end":{"line":123,"column":66}},"57":{"start":{"line":125,"column":16},"end":{"line":127,"column":17}},"58":{"start":{"line":126,"column":20},"end":{"line":126,"column":62}},"59":{"start":{"line":132,"column":8},"end":{"line":132,"column":33}},"60":{"start":{"line":135,"column":8},"end":{"line":135,"column":27}},"61":{"start":{"line":142,"column":8},"end":{"line":144,"column":11}},"62":{"start":{"line":146,"column":8},"end":{"line":152,"column":10}},"63":{"start":{"line":147,"column":12},"end":{"line":147,"column":47}},"64":{"start":{"line":148,"column":12},"end":{"line":148,"column":59}},"65":{"start":{"line":149,"column":12},"end":{"line":151,"column":13}},"66":{"start":{"line":150,"column":16},"end":{"line":150,"column":42}},"67":{"start":{"line":154,"column":8},"end":{"line":157,"column":10}},"68":{"start":{"line":155,"column":12},"end":{"line":155,"column":47}},"69":{"start":{"line":156,"column":12},"end":{"line":156,"column":61}},"70":{"start":{"line":159,"column":8},"end":{"line":162,"column":10}},"71":{"start":{"line":160,"column":12},"end":{"line":160,"column":56}},"72":{"start":{"line":161,"column":12},"end":{"line":161,"column":60}},"73":{"start":{"line":164,"column":8},"end":{"line":168,"column":10}},"74":{"start":{"line":165,"column":12},"end":{"line":167,"column":13}},"75":{"start":{"line":166,"column":16},"end":{"line":166,"column":54}},"76":{"start":{"line":175,"column":8},"end":{"line":185,"column":9}},"77":{"start":{"line":176,"column":26},"end":{"line":176,"column":65}},"78":{"start":{"line":177,"column":12},"end":{"line":177,"column":65}},"79":{"start":{"line":179,"column":12},"end":{"line":182,"column":15}},"80":{"start":{"line":184,"column":12},"end":{"line":184,"column":58}},"81":{"start":{"line":192,"column":8},"end":{"line":225,"column":9}},"82":{"start":{"line":193,"column":12},"end":{"line":222,"column":13}},"83":{"start":{"line":195,"column":20},"end":{"line":197,"column":22}},"84":{"start":{"line":198,"column":20},"end":{"line":198,"column":26}},"85":{"start":{"line":201,"column":20},"end":{"line":205,"column":21}},"86":{"start":{"line":202,"column":24},"end":{"line":204,"column":26}},"87":{"start":{"line":206,"column":20},"end":{"line":206,"column":26}},"88":{"start":{"line":209,"column":20},"end":{"line":211,"column":22}},"89":{"start":{"line":212,"column":35},"end":{"line":212,"column":75}},"90":{"start":{"line":213,"column":20},"end":{"line":213,"column":74}},"91":{"start":{"line":214,"column":20},"end":{"line":217,"column":23}},"92":{"start":{"line":218,"column":20},"end":{"line":218,"column":26}},"93":{"start":{"line":221,"column":20},"end":{"line":221,"column":72}},"94":{"start":{"line":224,"column":12},"end":{"line":224,"column":70}},"95":{"start":{"line":232,"column":8},"end":{"line":236,"column":9}},"96":{"start":{"line":233,"column":12},"end":{"line":233,"column":57}},"97":{"start":{"line":235,"column":12},"end":{"line":235,"column":53}},"98":{"start":{"line":243,"column":8},"end":{"line":249,"column":9}},"99":{"start":{"line":244,"column":12},"end":{"line":244,"column":59}},"100":{"start":{"line":245,"column":12},"end":{"line":245,"column":24}},"101":{"start":{"line":247,"column":12},"end":{"line":247,"column":51}},"102":{"start":{"line":248,"column":12},"end":{"line":248,"column":25}},"103":{"start":{"line":256,"column":8},"end":{"line":256,"column":40}},"104":{"start":{"line":258,"column":8},"end":{"line":261,"column":9}},"105":{"start":{"line":259,"column":12},"end":{"line":259,"column":37}},"106":{"start":{"line":260,"column":12},"end":{"line":260,"column":36}},"107":{"start":{"line":263,"column":8},"end":{"line":266,"column":9}},"108":{"start":{"line":264,"column":12},"end":{"line":264,"column":40}},"109":{"start":{"line":265,"column":12},"end":{"line":265,"column":39}},"110":{"start":{"line":268,"column":8},"end":{"line":271,"column":9}},"111":{"start":{"line":269,"column":12},"end":{"line":269,"column":35}},"112":{"start":{"line":270,"column":12},"end":{"line":270,"column":34}},"113":{"start":{"line":273,"column":8},"end":{"line":276,"column":9}},"114":{"start":{"line":274,"column":12},"end":{"line":274,"column":82}},"115":{"start":{"line":274,"column":68},"end":{"line":274,"column":80}},"116":{"start":{"line":275,"column":12},"end":{"line":275,"column":46}},"117":{"start":{"line":278,"column":8},"end":{"line":280,"column":9}},"118":{"start":{"line":279,"column":12},"end":{"line":279,"column":57}},"119":{"start":{"line":281,"column":8},"end":{"line":281,"column":33}},"120":{"start":{"line":282,"column":8},"end":{"line":282,"column":34}},"121":{"start":{"line":284,"column":8},"end":{"line":284,"column":51}},"122":{"start":{"line":285,"column":8},"end":{"line":285,"column":44}},"123":{"start":{"line":286,"column":8},"end":{"line":286,"column":50}},"124":{"start":{"line":287,"column":8},"end":{"line":287,"column":52}},"125":{"start":{"line":294,"column":8},"end":{"line":296,"column":9}},"126":{"start":{"line":295,"column":12},"end":{"line":295,"column":48}},"127":{"start":{"line":303,"column":24},"end":{"line":303,"column":58}},"128":{"start":{"line":304,"column":8},"end":{"line":306,"column":9}},"129":{"start":{"line":305,"column":12},"end":{"line":305,"column":40}},"130":{"start":{"line":313,"column":8},"end":{"line":313,"column":74}}},"fnMap":{"0":{"name":"(anonymous_0)","decl":{"start":{"line":7,"column":4},"end":{"line":7,"column":5}},"loc":{"start":{"line":7,"column":18},"end":{"line":30,"column":5}},"line":7},"1":{"name":"(anonymous_1)","decl":{"start":{"line":35,"column":4},"end":{"line":35,"column":5}},"loc":{"start":{"line":35,"column":29},"end":{"line":73,"column":5}},"line":35},"2":{"name":"(anonymous_2)","decl":{"start":{"line":48,"column":36},"end":{"line":48,"column":37}},"loc":{"start":{"line":48,"column":42},"end":{"line":51,"column":13}},"line":48},"3":{"name":"(anonymous_3)","decl":{"start":{"line":53,"column":39},"end":{"line":53,"column":40}},"loc":{"start":{"line":53,"column":56},"end":{"line":55,"column":13}},"line":53},"4":{"name":"(anonymous_4)","decl":{"start":{"line":57,"column":37},"end":{"line":57,"column":38}},"loc":{"start":{"line":57,"column":48},"end":{"line":60,"column":13}},"line":57},"5":{"name":"(anonymous_5)","decl":{"start":{"line":62,"column":37},"end":{"line":62,"column":38}},"loc":{"start":{"line":62,"column":43},"end":{"line":65,"column":13}},"line":62},"6":{"name":"(anonymous_6)","decl":{"start":{"line":78,"column":4},"end":{"line":78,"column":5}},"loc":{"start":{"line":78,"column":31},"end":{"line":136,"column":5}},"line":78},"7":{"name":"(anonymous_7)","decl":{"start":{"line":82,"column":45},"end":{"line":82,"column":46}},"loc":{"start":{"line":82,"column":56},"end":{"line":89,"column":9}},"line":82},"8":{"name":"(anonymous_8)","decl":{"start":{"line":92,"column":54},"end":{"line":92,"column":55}},"loc":{"start":{"line":92,"column":60},"end":{"line":104,"column":9}},"line":92},"9":{"name":"(anonymous_9)","decl":{"start":{"line":107,"column":57},"end":{"line":107,"column":58}},"loc":{"start":{"line":107,"column":63},"end":{"line":110,"column":9}},"line":107},"10":{"name":"(anonymous_10)","decl":{"start":{"line":113,"column":53},"end":{"line":113,"column":54}},"loc":{"start":{"line":113,"column":59},"end":{"line":116,"column":9}},"line":113},"11":{"name":"(anonymous_11)","decl":{"start":{"line":119,"column":38},"end":{"line":119,"column":39}},"loc":{"start":{"line":119,"column":49},"end":{"line":129,"column":9}},"line":119},"12":{"name":"(anonymous_12)","decl":{"start":{"line":141,"column":4},"end":{"line":141,"column":5}},"loc":{"start":{"line":141,"column":24},"end":{"line":169,"column":5}},"line":141},"13":{"name":"(anonymous_13)","decl":{"start":{"line":146,"column":34},"end":{"line":146,"column":35}},"loc":{"start":{"line":146,"column":40},"end":{"line":152,"column":9}},"line":146},"14":{"name":"(anonymous_14)","decl":{"start":{"line":154,"column":35},"end":{"line":154,"column":36}},"loc":{"start":{"line":154,"column":41},"end":{"line":157,"column":9}},"line":154},"15":{"name":"(anonymous_15)","decl":{"start":{"line":159,"column":35},"end":{"line":159,"column":36}},"loc":{"start":{"line":159,"column":46},"end":{"line":162,"column":9}},"line":159},"16":{"name":"(anonymous_16)","decl":{"start":{"line":164,"column":37},"end":{"line":164,"column":38}},"loc":{"start":{"line":164,"column":48},"end":{"line":168,"column":9}},"line":164},"17":{"name":"(anonymous_17)","decl":{"start":{"line":174,"column":4},"end":{"line":174,"column":5}},"loc":{"start":{"line":174,"column":24},"end":{"line":186,"column":5}},"line":174},"18":{"name":"(anonymous_18)","decl":{"start":{"line":191,"column":4},"end":{"line":191,"column":5}},"loc":{"start":{"line":191,"column":42},"end":{"line":226,"column":5}},"line":191},"19":{"name":"(anonymous_19)","decl":{"start":{"line":231,"column":4},"end":{"line":231,"column":5}},"loc":{"start":{"line":231,"column":34},"end":{"line":237,"column":5}},"line":231},"20":{"name":"(anonymous_20)","decl":{"start":{"line":242,"column":4},"end":{"line":242,"column":5}},"loc":{"start":{"line":242,"column":25},"end":{"line":250,"column":5}},"line":242},"21":{"name":"(anonymous_21)","decl":{"start":{"line":255,"column":4},"end":{"line":255,"column":5}},"loc":{"start":{"line":255,"column":17},"end":{"line":288,"column":5}},"line":255},"22":{"name":"(anonymous_22)","decl":{"start":{"line":274,"column":59},"end":{"line":274,"column":60}},"loc":{"start":{"line":274,"column":68},"end":{"line":274,"column":80}},"line":274},"23":{"name":"(anonymous_23)","decl":{"start":{"line":293,"column":4},"end":{"line":293,"column":5}},"loc":{"start":{"line":293,"column":33},"end":{"line":297,"column":5}},"line":293},"24":{"name":"(anonymous_24)","decl":{"start":{"line":302,"column":4},"end":{"line":302,"column":5}},"loc":{"start":{"line":302,"column":36},"end":{"line":307,"column":5}},"line":302},"25":{"name":"(anonymous_25)","decl":{"start":{"line":312,"column":4},"end":{"line":312,"column":5}},"loc":{"start":{"line":312,"column":14},"end":{"line":314,"column":5}},"line":312}},"branchMap":{"0":{"loc":{"start":{"line":36,"column":8},"end":{"line":39,"column":9}},"type":"if","locations":[{"start":{"line":36,"column":8},"end":{"line":39,"column":9}},{"start":{},"end":{}}],"line":36},"1":{"loc":{"start":{"line":36,"column":12},"end":{"line":36,"column":49}},"type":"binary-expr","locations":[{"start":{"line":36,"column":12},"end":{"line":36,"column":28}},{"start":{"line":36,"column":32},"end":{"line":36,"column":49}}],"line":36},"2":{"loc":{"start":{"line":83,"column":12},"end":{"line":88,"column":13}},"type":"if","locations":[{"start":{"line":83,"column":12},"end":{"line":88,"column":13}},{"start":{},"end":{}}],"line":83},"3":{"loc":{"start":{"line":96,"column":12},"end":{"line":103,"column":13}},"type":"if","locations":[{"start":{"line":96,"column":12},"end":{"line":103,"column":13}},{"start":{"line":99,"column":19},"end":{"line":103,"column":13}}],"line":96},"4":{"loc":{"start":{"line":99,"column":19},"end":{"line":103,"column":13}},"type":"if","locations":[{"start":{"line":99,"column":19},"end":{"line":103,"column":13}},{"start":{},"end":{}}],"line":99},"5":{"loc":{"start":{"line":99,"column":23},"end":{"line":100,"column":77}},"type":"binary-expr","locations":[{"start":{"line":99,"column":23},"end":{"line":99,"column":71}},{"start":{"line":100,"column":23},"end":{"line":100,"column":77}}],"line":99},"6":{"loc":{"start":{"line":121,"column":12},"end":{"line":128,"column":13}},"type":"if","locations":[{"start":{"line":121,"column":12},"end":{"line":128,"column":13}},{"start":{},"end":{}}],"line":121},"7":{"loc":{"start":{"line":121,"column":16},"end":{"line":121,"column":49}},"type":"binary-expr","locations":[{"start":{"line":121,"column":16},"end":{"line":121,"column":29}},{"start":{"line":121,"column":33},"end":{"line":121,"column":49}}],"line":121},"8":{"loc":{"start":{"line":122,"column":16},"end":{"line":124,"column":17}},"type":"if","locations":[{"start":{"line":122,"column":16},"end":{"line":124,"column":17}},{"start":{},"end":{}}],"line":122},"9":{"loc":{"start":{"line":125,"column":16},"end":{"line":127,"column":17}},"type":"if","locations":[{"start":{"line":125,"column":16},"end":{"line":127,"column":17}},{"start":{},"end":{}}],"line":125},"10":{"loc":{"start":{"line":149,"column":12},"end":{"line":151,"column":13}},"type":"if","locations":[{"start":{"line":149,"column":12},"end":{"line":151,"column":13}},{"start":{},"end":{}}],"line":149},"11":{"loc":{"start":{"line":165,"column":12},"end":{"line":167,"column":13}},"type":"if","locations":[{"start":{"line":165,"column":12},"end":{"line":167,"column":13}},{"start":{},"end":{}}],"line":165},"12":{"loc":{"start":{"line":193,"column":12},"end":{"line":222,"column":13}},"type":"switch","locations":[{"start":{"line":194,"column":16},"end":{"line":198,"column":26}},{"start":{"line":200,"column":16},"end":{"line":206,"column":26}},{"start":{"line":208,"column":16},"end":{"line":218,"column":26}},{"start":{"line":220,"column":16},"end":{"line":221,"column":72}}],"line":193},"13":{"loc":{"start":{"line":201,"column":20},"end":{"line":205,"column":21}},"type":"if","locations":[{"start":{"line":201,"column":20},"end":{"line":205,"column":21}},{"start":{},"end":{}}],"line":201},"14":{"loc":{"start":{"line":232,"column":8},"end":{"line":236,"column":9}},"type":"if","locations":[{"start":{"line":232,"column":8},"end":{"line":236,"column":9}},{"start":{"line":234,"column":15},"end":{"line":236,"column":9}}],"line":232},"15":{"loc":{"start":{"line":232,"column":12},"end":{"line":232,"column":74}},"type":"binary-expr","locations":[{"start":{"line":232,"column":12},"end":{"line":232,"column":26}},{"start":{"line":232,"column":30},"end":{"line":232,"column":74}}],"line":232},"16":{"loc":{"start":{"line":243,"column":8},"end":{"line":249,"column":9}},"type":"if","locations":[{"start":{"line":243,"column":8},"end":{"line":249,"column":9}},{"start":{"line":246,"column":15},"end":{"line":249,"column":9}}],"line":243},"17":{"loc":{"start":{"line":243,"column":12},"end":{"line":243,"column":70}},"type":"binary-expr","locations":[{"start":{"line":243,"column":12},"end":{"line":243,"column":28}},{"start":{"line":243,"column":32},"end":{"line":243,"column":70}}],"line":243},"18":{"loc":{"start":{"line":258,"column":8},"end":{"line":261,"column":9}},"type":"if","locations":[{"start":{"line":258,"column":8},"end":{"line":261,"column":9}},{"start":{},"end":{}}],"line":258},"19":{"loc":{"start":{"line":263,"column":8},"end":{"line":266,"column":9}},"type":"if","locations":[{"start":{"line":263,"column":8},"end":{"line":266,"column":9}},{"start":{},"end":{}}],"line":263},"20":{"loc":{"start":{"line":268,"column":8},"end":{"line":271,"column":9}},"type":"if","locations":[{"start":{"line":268,"column":8},"end":{"line":271,"column":9}},{"start":{},"end":{}}],"line":268},"21":{"loc":{"start":{"line":273,"column":8},"end":{"line":276,"column":9}},"type":"if","locations":[{"start":{"line":273,"column":8},"end":{"line":276,"column":9}},{"start":{},"end":{}}],"line":273},"22":{"loc":{"start":{"line":273,"column":12},"end":{"line":273,"column":58}},"type":"binary-expr","locations":[{"start":{"line":273,"column":12},"end":{"line":273,"column":28}},{"start":{"line":273,"column":32},"end":{"line":273,"column":58}}],"line":273},"23":{"loc":{"start":{"line":278,"column":8},"end":{"line":280,"column":9}},"type":"if","locations":[{"start":{"line":278,"column":8},"end":{"line":280,"column":9}},{"start":{},"end":{}}],"line":278},"24":{"loc":{"start":{"line":294,"column":8},"end":{"line":296,"column":9}},"type":"if","locations":[{"start":{"line":294,"column":8},"end":{"line":296,"column":9}},{"start":{},"end":{}}],"line":294},"25":{"loc":{"start":{"line":304,"column":8},"end":{"line":306,"column":9}},"type":"if","locations":[{"start":{"line":304,"column":8},"end":{"line":306,"column":9}},{"start":{},"end":{}}],"line":304},"26":{"loc":{"start":{"line":313,"column":15},"end":{"line":313,"column":73}},"type":"binary-expr","locations":[{"start":{"line":313,"column":15},"end":{"line":313,"column":31}},{"start":{"line":313,"column":35},"end":{"line":313,"column":73}}],"line":313}},"s":{"0":0,"1":0,"2":0,"3":0,"4":0,"5":0,"6":0,"7":0,"8":0,"9":0,"10":0,"11":0,"12":0,"13":0,"14":0,"15":0,"16":0,"17":0,"18":0,"19":0,"20":0,"21":0,"22":0,"23":0,"24":0,"25":0,"26":0,"27":0,"28":0,"29":0,"30":0,"31":0,"32":0,"33":0,"34":0,"35":0,"36":0,"37":0,"38":0,"39":0,"40":0,"41":0,"42":0,"43":0,"44":0,"45":0,"46":0,"47":0,"48":0,"49":0,"50":0,"51":0,"52":0,"53":0,"54":0,"55":0,"56":0,"57":0,"58":0,"59":0,"60":0,"61":0,"62":0,"63":0,"64":0,"65":0,"66":0,"67":0,"68":0,"69":0,"70":0,"71":0,"72":0,"73":0,"74":0,"75":0,"76":0,"77":0,"78":0,"79":0,"80":0,"81":0,"82":0,"83":0,"84":0,"85":0,"86":0,"87":0,"88":0,"89":0,"90":0,"91":0,"92":0,"93":0,"94":0,"95":0,"96":0,"97":0,"98":0,"99":0,"100":0,"101":0,"102":0,"103":0,"104":0,"105":0,"106":0,"107":0,"108":0,"109":0,"110":0,"111":0,"112":0,"113":0,"114":0,"115":0,"116":0,"117":0,"118":0,"119":0,"120":0,"121":0,"122":0,"123":0,"124":0,"125":0,"126":0,"127":0,"128":0,"129":0,"130":0},"f":{"0":0,"1":0,"2":0,"3":0,"4":0,"5":0,"6":0,"7":0,"8":0,"9":0,"10":0,"11":0,"12":0,"13":0,"14":0,"15":0,"16":0,"17":0,"18":0,"19":0,"20":0,"21":0,"22":0,"23":0,"24":0,"25":0},"b":{"0":[0,0],"1":[0,0],"2":[0,0],"3":[0,0],"4":[0,0],"5":[0,0],"6":[0,0],"7":[0,0],"8":[0,0],"9":[0,0],"10":[0,0],"11":[0,0],"12":[0,0,0,0],"13":[0,0],"14":[0,0],"15":[0,0],"16":[0,0],"17":[0,0],"18":[0,0],"19":[0,0],"20":[0,0],"21":[0,0],"22":[0,0],"23":[0,0],"24":[0,0],"25":[0,0],"26":[0,0]}}
}
